<?xml version="1.0" ?>
<coverage version="7.13.1" timestamp="1768235088988" lines-valid="2921" lines-covered="241" line-rate="0.08251" branches-valid="662" branches-covered="64" branch-rate="0.09668" complexity="0">
	<!-- Generated by coverage.py: https://coverage.readthedocs.io/en/7.13.1 -->
	<!-- Based on https://raw.githubusercontent.com/cobertura/web/master/htdocs/xml/coverage-04.dtd -->
	<sources>
		<source>/home/runner/work/red-set-protocell/red-set-protocell/rsp-core/backend/app</source>
	</sources>
	<packages>
		<package name="." line-rate="0" branch-rate="0" complexity="0">
			<classes>
				<class name="__init__.py" filename="__init__.py" complexity="0" line-rate="1" branch-rate="1">
					<methods/>
					<lines/>
				</class>
				<class name="api_server.py" filename="api_server.py" complexity="0" line-rate="0" branch-rate="0">
					<methods/>
					<lines>
						<line number="8" hits="0"/>
						<line number="9" hits="0"/>
						<line number="10" hits="0"/>
						<line number="11" hits="0"/>
						<line number="12" hits="0"/>
						<line number="13" hits="0"/>
						<line number="14" hits="0"/>
						<line number="15" hits="0"/>
						<line number="16" hits="0"/>
						<line number="18" hits="0"/>
						<line number="19" hits="0"/>
						<line number="20" hits="0"/>
						<line number="21" hits="0"/>
						<line number="22" hits="0"/>
						<line number="23" hits="0"/>
						<line number="24" hits="0"/>
						<line number="25" hits="0"/>
						<line number="26" hits="0"/>
						<line number="27" hits="0"/>
						<line number="30" hits="0"/>
						<line number="31" hits="0"/>
						<line number="35" hits="0"/>
						<line number="36" hits="0"/>
						<line number="38" hits="0" branch="true" condition-coverage="0% (0/2)" missing-branches="39,48"/>
						<line number="39" hits="0" branch="true" condition-coverage="0% (0/2)" missing-branches="40,44"/>
						<line number="40" hits="0"/>
						<line number="44" hits="0"/>
						<line number="45" hits="0"/>
						<line number="48" hits="0"/>
						<line number="56" hits="0"/>
						<line number="59" hits="0"/>
						<line number="66" hits="0"/>
						<line number="77" hits="0"/>
						<line number="78" hits="0"/>
						<line number="79" hits="0"/>
						<line number="80" hits="0"/>
						<line number="81" hits="0"/>
						<line number="82" hits="0"/>
						<line number="83" hits="0"/>
						<line number="84" hits="0"/>
						<line number="85" hits="0"/>
						<line number="86" hits="0"/>
						<line number="89" hits="0"/>
						<line number="90" hits="0"/>
						<line number="91" hits="0"/>
						<line number="94" hits="0"/>
						<line number="95" hits="0"/>
						<line number="96" hits="0"/>
						<line number="97" hits="0"/>
						<line number="98" hits="0"/>
						<line number="99" hits="0"/>
						<line number="100" hits="0"/>
						<line number="101" hits="0"/>
						<line number="102" hits="0"/>
						<line number="103" hits="0"/>
						<line number="104" hits="0"/>
						<line number="107" hits="0"/>
						<line number="108" hits="0"/>
						<line number="109" hits="0"/>
						<line number="110" hits="0"/>
						<line number="111" hits="0"/>
						<line number="114" hits="0"/>
						<line number="115" hits="0"/>
						<line number="116" hits="0"/>
						<line number="120" hits="0"/>
						<line number="121" hits="0"/>
						<line number="122" hits="0"/>
						<line number="127" hits="0"/>
						<line number="129" hits="0"/>
						<line number="140" hits="0"/>
						<line number="148" hits="0"/>
						<line number="150" hits="0"/>
						<line number="151" hits="0"/>
						<line number="152" hits="0"/>
						<line number="154" hits="0"/>
						<line number="157" hits="0" branch="true" condition-coverage="0% (0/2)" missing-branches="158,162"/>
						<line number="158" hits="0"/>
						<line number="159" hits="0"/>
						<line number="160" hits="0"/>
						<line number="162" hits="0"/>
						<line number="163" hits="0"/>
						<line number="164" hits="0"/>
						<line number="168" hits="0"/>
						<line number="169" hits="0"/>
						<line number="171" hits="0"/>
						<line number="173" hits="0" branch="true" condition-coverage="0% (0/2)" missing-branches="174,177"/>
						<line number="174" hits="0"/>
						<line number="177" hits="0" branch="true" condition-coverage="0% (0/2)" missing-branches="178,180"/>
						<line number="178" hits="0"/>
						<line number="180" hits="0"/>
						<line number="182" hits="0"/>
						<line number="187" hits="0"/>
						<line number="188" hits="0" branch="true" condition-coverage="0% (0/2)" missing-branches="189,199"/>
						<line number="189" hits="0"/>
						<line number="190" hits="0"/>
						<line number="192" hits="0" branch="true" condition-coverage="0% (0/2)" missing-branches="188,193"/>
						<line number="193" hits="0"/>
						<line number="194" hits="0"/>
						<line number="195" hits="0"/>
						<line number="196" hits="0"/>
						<line number="199" hits="0" branch="true" condition-coverage="0% (0/2)" missing-branches="exit,200"/>
						<line number="200" hits="0"/>
						<line number="202" hits="0"/>
						<line number="207" hits="0"/>
						<line number="208" hits="0" branch="true" condition-coverage="0% (0/2)" missing-branches="209,215"/>
						<line number="209" hits="0"/>
						<line number="211" hits="0"/>
						<line number="212" hits="0"/>
						<line number="213" hits="0"/>
						<line number="215" hits="0" branch="true" condition-coverage="0% (0/2)" missing-branches="exit,216"/>
						<line number="216" hits="0"/>
						<line number="217" hits="0"/>
						<line number="220" hits="0"/>
						<line number="225" hits="0"/>
						<line number="226" hits="0"/>
						<line number="231" hits="0"/>
						<line number="232" hits="0"/>
						<line number="233" hits="0"/>
						<line number="234" hits="0"/>
						<line number="235" hits="0"/>
						<line number="236" hits="0"/>
						<line number="239" hits="0"/>
						<line number="240" hits="0"/>
						<line number="241" hits="0"/>
						<line number="243" hits="0"/>
						<line number="244" hits="0"/>
						<line number="247" hits="0"/>
						<line number="248" hits="0"/>
						<line number="253" hits="0"/>
						<line number="254" hits="0"/>
						<line number="255" hits="0"/>
						<line number="258" hits="0" branch="true" condition-coverage="0% (0/2)" missing-branches="259,269"/>
						<line number="259" hits="0"/>
						<line number="260" hits="0" branch="true" condition-coverage="0% (0/2)" missing-branches="261,269"/>
						<line number="261" hits="0"/>
						<line number="262" hits="0"/>
						<line number="263" hits="0"/>
						<line number="264" hits="0"/>
						<line number="266" hits="0"/>
						<line number="269" hits="0" branch="true" condition-coverage="0% (0/2)" missing-branches="270,279"/>
						<line number="270" hits="0"/>
						<line number="271" hits="0" branch="true" condition-coverage="0% (0/2)" missing-branches="272,279"/>
						<line number="272" hits="0"/>
						<line number="273" hits="0"/>
						<line number="274" hits="0" branch="true" condition-coverage="0% (0/2)" missing-branches="271,275"/>
						<line number="275" hits="0"/>
						<line number="276" hits="0"/>
						<line number="277" hits="0"/>
						<line number="279" hits="0"/>
						<line number="280" hits="0"/>
						<line number="285" hits="0"/>
						<line number="286" hits="0"/>
						<line number="287" hits="0"/>
						<line number="294" hits="0"/>
						<line number="295" hits="0"/>
						<line number="296" hits="0"/>
						<line number="304" hits="0"/>
						<line number="305" hits="0"/>
						<line number="307" hits="0"/>
						<line number="308" hits="0"/>
						<line number="311" hits="0"/>
						<line number="312" hits="0"/>
						<line number="313" hits="0"/>
						<line number="314" hits="0"/>
						<line number="315" hits="0" branch="true" condition-coverage="0% (0/2)" missing-branches="316,317"/>
						<line number="316" hits="0"/>
						<line number="317" hits="0"/>
						<line number="318" hits="0"/>
						<line number="321" hits="0"/>
						<line number="329" hits="0"/>
						<line number="335" hits="0"/>
						<line number="339" hits="0"/>
						<line number="345" hits="0"/>
						<line number="346" hits="0"/>
						<line number="355" hits="0"/>
						<line number="360" hits="0"/>
						<line number="365" hits="0"/>
						<line number="377" hits="0"/>
						<line number="387" hits="0"/>
						<line number="389" hits="0"/>
						<line number="395" hits="0"/>
						<line number="396" hits="0"/>
						<line number="397" hits="0"/>
						<line number="400" hits="0"/>
						<line number="401" hits="0"/>
						<line number="403" hits="0" branch="true" condition-coverage="0% (0/2)" missing-branches="404,406"/>
						<line number="404" hits="0"/>
						<line number="406" hits="0"/>
						<line number="407" hits="0"/>
						<line number="409" hits="0"/>
						<line number="410" hits="0"/>
						<line number="413" hits="0"/>
						<line number="415" hits="0"/>
						<line number="420" hits="0"/>
						<line number="421" hits="0"/>
						<line number="422" hits="0"/>
						<line number="425" hits="0"/>
						<line number="426" hits="0"/>
						<line number="428" hits="0" branch="true" condition-coverage="0% (0/2)" missing-branches="429,431"/>
						<line number="429" hits="0"/>
						<line number="431" hits="0"/>
						<line number="432" hits="0"/>
						<line number="434" hits="0"/>
						<line number="441" hits="0"/>
						<line number="442" hits="0"/>
						<line number="444" hits="0" branch="true" condition-coverage="0% (0/2)" missing-branches="445,447"/>
						<line number="445" hits="0"/>
						<line number="447" hits="0"/>
						<line number="448" hits="0"/>
						<line number="450" hits="0"/>
						<line number="453" hits="0"/>
						<line number="459" hits="0"/>
						<line number="460" hits="0"/>
						<line number="461" hits="0"/>
						<line number="464" hits="0"/>
						<line number="465" hits="0"/>
						<line number="467" hits="0" branch="true" condition-coverage="0% (0/2)" missing-branches="468,470"/>
						<line number="468" hits="0"/>
						<line number="470" hits="0"/>
						<line number="471" hits="0"/>
						<line number="473" hits="0"/>
						<line number="474" hits="0"/>
						<line number="475" hits="0"/>
						<line number="480" hits="0"/>
						<line number="481" hits="0"/>
						<line number="482" hits="0"/>
						<line number="487" hits="0"/>
						<line number="488" hits="0"/>
						<line number="490" hits="0"/>
						<line number="491" hits="0"/>
						<line number="492" hits="0" branch="true" condition-coverage="0% (0/2)" missing-branches="493,505"/>
						<line number="493" hits="0"/>
						<line number="505" hits="0"/>
						<line number="506" hits="0"/>
						<line number="507" hits="0"/>
						<line number="508" hits="0"/>
						<line number="511" hits="0"/>
						<line number="512" hits="0"/>
						<line number="514" hits="0"/>
						<line number="515" hits="0"/>
						<line number="516" hits="0"/>
						<line number="517" hits="0"/>
						<line number="518" hits="0"/>
						<line number="519" hits="0"/>
						<line number="520" hits="0"/>
						<line number="523" hits="0"/>
						<line number="524" hits="0"/>
						<line number="530" hits="0"/>
						<line number="531" hits="0"/>
						<line number="532" hits="0"/>
						<line number="533" hits="0"/>
						<line number="536" hits="0"/>
						<line number="537" hits="0" branch="true" condition-coverage="0% (0/2)" missing-branches="538,539"/>
						<line number="538" hits="0"/>
						<line number="539" hits="0"/>
						<line number="540" hits="0"/>
						<line number="541" hits="0"/>
						<line number="542" hits="0"/>
						<line number="549" hits="0"/>
						<line number="555" hits="0"/>
						<line number="556" hits="0"/>
						<line number="557" hits="0"/>
						<line number="560" hits="0"/>
						<line number="561" hits="0"/>
						<line number="567" hits="0"/>
						<line number="568" hits="0"/>
						<line number="569" hits="0"/>
						<line number="571" hits="0"/>
						<line number="574" hits="0"/>
						<line number="575" hits="0" branch="true" condition-coverage="0% (0/2)" missing-branches="576,577"/>
						<line number="576" hits="0"/>
						<line number="577" hits="0" branch="true" condition-coverage="0% (0/2)" missing-branches="578,581"/>
						<line number="578" hits="0"/>
						<line number="581" hits="0"/>
						<line number="583" hits="0"/>
						<line number="588" hits="0"/>
						<line number="589" hits="0"/>
						<line number="590" hits="0"/>
						<line number="595" hits="0"/>
						<line number="596" hits="0"/>
						<line number="598" hits="0"/>
						<line number="599" hits="0"/>
						<line number="600" hits="0" branch="true" condition-coverage="0% (0/2)" missing-branches="601,603"/>
						<line number="601" hits="0"/>
						<line number="603" hits="0"/>
						<line number="609" hits="0"/>
						<line number="610" hits="0"/>
						<line number="611" hits="0"/>
						<line number="612" hits="0"/>
						<line number="613" hits="0"/>
						<line number="616" hits="0"/>
						<line number="617" hits="0"/>
						<line number="619" hits="0"/>
						<line number="620" hits="0" branch="true" condition-coverage="0% (0/2)" missing-branches="621,624"/>
						<line number="621" hits="0"/>
						<line number="624" hits="0" branch="true" condition-coverage="0% (0/2)" missing-branches="625,631"/>
						<line number="625" hits="0"/>
						<line number="631" hits="0"/>
						<line number="637" hits="0"/>
						<line number="643" hits="0"/>
						<line number="644" hits="0"/>
						<line number="645" hits="0"/>
						<line number="646" hits="0"/>
						<line number="647" hits="0"/>
						<line number="650" hits="0"/>
						<line number="651" hits="0"/>
						<line number="653" hits="0"/>
						<line number="654" hits="0"/>
						<line number="664" hits="0"/>
						<line number="665" hits="0"/>
						<line number="666" hits="0"/>
						<line number="671" hits="0"/>
						<line number="672" hits="0"/>
						<line number="674" hits="0"/>
						<line number="676" hits="0"/>
						<line number="677" hits="0"/>
						<line number="680" hits="0"/>
						<line number="682" hits="0"/>
						<line number="688" hits="0"/>
						<line number="689" hits="0"/>
						<line number="690" hits="0"/>
						<line number="693" hits="0"/>
						<line number="694" hits="0"/>
						<line number="696" hits="0"/>
						<line number="697" hits="0"/>
						<line number="698" hits="0"/>
						<line number="700" hits="0"/>
						<line number="705" hits="0"/>
						<line number="706" hits="0"/>
						<line number="707" hits="0"/>
						<line number="710" hits="0"/>
						<line number="711" hits="0"/>
						<line number="713" hits="0"/>
						<line number="714" hits="0"/>
						<line number="726" hits="0"/>
						<line number="727" hits="0"/>
						<line number="728" hits="0"/>
						<line number="731" hits="0"/>
						<line number="732" hits="0"/>
						<line number="734" hits="0"/>
						<line number="735" hits="0" branch="true" condition-coverage="0% (0/2)" missing-branches="736,738"/>
						<line number="736" hits="0"/>
						<line number="738" hits="0"/>
						<line number="739" hits="0"/>
						<line number="743" hits="0"/>
						<line number="744" hits="0"/>
						<line number="745" hits="0"/>
						<line number="746" hits="0"/>
						<line number="747" hits="0"/>
						<line number="750" hits="0"/>
						<line number="751" hits="0"/>
						<line number="753" hits="0"/>
						<line number="754" hits="0" branch="true" condition-coverage="0% (0/2)" missing-branches="755,757"/>
						<line number="755" hits="0"/>
						<line number="757" hits="0"/>
						<line number="758" hits="0"/>
						<line number="759" hits="0"/>
						<line number="760" hits="0"/>
						<line number="761" hits="0"/>
						<line number="762" hits="0"/>
						<line number="763" hits="0"/>
						<line number="768" hits="0"/>
						<line number="769" hits="0"/>
						<line number="771" hits="0"/>
						<line number="772" hits="0"/>
						<line number="773" hits="0"/>
						<line number="775" hits="0"/>
						<line number="776" hits="0"/>
						<line number="777" hits="0"/>
						<line number="778" hits="0"/>
						<line number="779" hits="0"/>
						<line number="782" hits="0"/>
						<line number="784" hits="0"/>
						<line number="785" hits="0"/>
						<line number="786" hits="0"/>
						<line number="787" hits="0"/>
						<line number="789" hits="0" branch="true" condition-coverage="0% (0/2)" missing-branches="790,865"/>
						<line number="790" hits="0" branch="true" condition-coverage="0% (0/2)" missing-branches="791,794"/>
						<line number="791" hits="0"/>
						<line number="794" hits="0"/>
						<line number="797" hits="0"/>
						<line number="800" hits="0"/>
						<line number="821" hits="0"/>
						<line number="824" hits="0"/>
						<line number="825" hits="0"/>
						<line number="837" hits="0"/>
						<line number="840" hits="0" branch="true" condition-coverage="0% (0/2)" missing-branches="841,851"/>
						<line number="841" hits="0"/>
						<line number="842" hits="0"/>
						<line number="849" hits="0"/>
						<line number="851" hits="0" branch="true" condition-coverage="0% (0/2)" missing-branches="852,863"/>
						<line number="852" hits="0"/>
						<line number="853" hits="0"/>
						<line number="860" hits="0"/>
						<line number="863" hits="0"/>
						<line number="865" hits="0" branch="true" condition-coverage="0% (0/2)" missing-branches="exit,866"/>
						<line number="866" hits="0"/>
						<line number="867" hits="0"/>
						<line number="875" hits="0"/>
						<line number="876" hits="0"/>
						<line number="877" hits="0"/>
						<line number="878" hits="0"/>
						<line number="886" hits="0"/>
						<line number="888" hits="0" branch="true" condition-coverage="0% (0/2)" missing-branches="889,890"/>
						<line number="889" hits="0"/>
						<line number="890" hits="0" branch="true" condition-coverage="0% (0/2)" missing-branches="891,892"/>
						<line number="891" hits="0"/>
						<line number="892" hits="0" branch="true" condition-coverage="0% (0/2)" missing-branches="893,894"/>
						<line number="893" hits="0"/>
						<line number="894" hits="0" branch="true" condition-coverage="0% (0/2)" missing-branches="895,897"/>
						<line number="895" hits="0"/>
						<line number="897" hits="0"/>
					</lines>
				</class>
				<class name="main.py" filename="main.py" complexity="0" line-rate="0" branch-rate="0">
					<methods/>
					<lines>
						<line number="60" hits="0"/>
						<line number="61" hits="0"/>
						<line number="62" hits="0"/>
						<line number="63" hits="0"/>
						<line number="64" hits="0"/>
						<line number="66" hits="0"/>
						<line number="67" hits="0"/>
						<line number="68" hits="0"/>
						<line number="69" hits="0"/>
						<line number="70" hits="0"/>
						<line number="71" hits="0"/>
						<line number="72" hits="0"/>
						<line number="73" hits="0"/>
						<line number="77" hits="0"/>
						<line number="86" hits="0"/>
						<line number="89" hits="0"/>
						<line number="100" hits="0"/>
						<line number="103" hits="0"/>
						<line number="110" hits="0"/>
						<line number="113" hits="0"/>
						<line number="118" hits="0"/>
						<line number="121" hits="0"/>
						<line number="124" hits="0"/>
						<line number="127" hits="0"/>
						<line number="128" hits="0"/>
						<line number="129" hits="0" branch="true" condition-coverage="0% (0/2)" missing-branches="130,156"/>
						<line number="130" hits="0"/>
						<line number="132" hits="0"/>
						<line number="143" hits="0"/>
						<line number="150" hits="0"/>
						<line number="154" hits="0"/>
						<line number="156" hits="0"/>
						<line number="159" hits="0"/>
						<line number="166" hits="0"/>
						<line number="169" hits="0"/>
						<line number="170" hits="0"/>
						<line number="178" hits="0"/>
						<line number="181" hits="0"/>
						<line number="185" hits="0"/>
						<line number="188" hits="0"/>
						<line number="189" hits="0"/>
						<line number="194" hits="0"/>
						<line number="197" hits="0"/>
						<line number="207" hits="0"/>
						<line number="209" hits="0"/>
						<line number="210" hits="0"/>
						<line number="211" hits="0"/>
						<line number="212" hits="0"/>
						<line number="213" hits="0"/>
						<line number="214" hits="0"/>
						<line number="216" hits="0"/>
						<line number="219" hits="0"/>
						<line number="227" hits="0"/>
						<line number="230" hits="0"/>
						<line number="232" hits="0"/>
						<line number="234" hits="0"/>
						<line number="235" hits="0"/>
						<line number="238" hits="0"/>
						<line number="239" hits="0"/>
						<line number="240" hits="0"/>
						<line number="241" hits="0"/>
						<line number="242" hits="0"/>
						<line number="243" hits="0"/>
						<line number="244" hits="0"/>
						<line number="247" hits="0" branch="true" condition-coverage="0% (0/2)" missing-branches="248,259"/>
						<line number="248" hits="0"/>
						<line number="249" hits="0"/>
						<line number="250" hits="0"/>
						<line number="251" hits="0"/>
						<line number="252" hits="0"/>
						<line number="253" hits="0" branch="true" condition-coverage="0% (0/2)" missing-branches="254,256"/>
						<line number="254" hits="0"/>
						<line number="255" hits="0"/>
						<line number="256" hits="0"/>
						<line number="257" hits="0"/>
						<line number="259" hits="0"/>
						<line number="260" hits="0"/>
						<line number="261" hits="0"/>
						<line number="262" hits="0"/>
						<line number="263" hits="0"/>
						<line number="264" hits="0"/>
						<line number="265" hits="0"/>
						<line number="266" hits="0"/>
						<line number="267" hits="0"/>
						<line number="268" hits="0"/>
						<line number="270" hits="0"/>
						<line number="271" hits="0"/>
						<line number="272" hits="0"/>
						<line number="273" hits="0"/>
						<line number="274" hits="0"/>
						<line number="277" hits="0" branch="true" condition-coverage="0% (0/2)" missing-branches="exit,278"/>
						<line number="278" hits="0"/>
						<line number="279" hits="0"/>
						<line number="280" hits="0"/>
						<line number="283" hits="0"/>
						<line number="285" hits="0"/>
						<line number="289" hits="0"/>
						<line number="296" hits="0"/>
						<line number="304" hits="0"/>
						<line number="311" hits="0"/>
						<line number="317" hits="0"/>
						<line number="323" hits="0"/>
						<line number="330" hits="0"/>
						<line number="336" hits="0"/>
					</lines>
				</class>
			</classes>
		</package>
		<package name="agents" line-rate="0.2135" branch-rate="0.2753" complexity="0">
			<classes>
				<class name="__init__.py" filename="agents/__init__.py" complexity="0" line-rate="1" branch-rate="1">
					<methods/>
					<lines/>
				</class>
				<class name="orchestrator.py" filename="agents/orchestrator.py" complexity="0" line-rate="0" branch-rate="0">
					<methods/>
					<lines>
						<line number="106" hits="0"/>
						<line number="107" hits="0"/>
						<line number="108" hits="0"/>
						<line number="109" hits="0"/>
						<line number="110" hits="0"/>
						<line number="111" hits="0"/>
						<line number="112" hits="0"/>
						<line number="114" hits="0"/>
						<line number="115" hits="0"/>
						<line number="117" hits="0"/>
						<line number="120" hits="0"/>
						<line number="121" hits="0"/>
						<line number="124" hits="0"/>
						<line number="125" hits="0"/>
						<line number="126" hits="0"/>
						<line number="127" hits="0"/>
						<line number="128" hits="0"/>
						<line number="129" hits="0"/>
						<line number="130" hits="0"/>
						<line number="131" hits="0"/>
						<line number="132" hits="0"/>
						<line number="133" hits="0"/>
						<line number="135" hits="0"/>
						<line number="137" hits="0"/>
						<line number="140" hits="0"/>
						<line number="148" hits="0"/>
						<line number="162" hits="0"/>
						<line number="163" hits="0"/>
						<line number="164" hits="0"/>
						<line number="165" hits="0"/>
						<line number="166" hits="0"/>
						<line number="169" hits="0"/>
						<line number="171" hits="0"/>
						<line number="173" hits="0"/>
						<line number="174" hits="0"/>
						<line number="177" hits="0"/>
						<line number="197" hits="0"/>
						<line number="209" hits="0"/>
						<line number="210" hits="0"/>
						<line number="213" hits="0"/>
						<line number="214" hits="0"/>
						<line number="217" hits="0"/>
						<line number="218" hits="0"/>
						<line number="219" hits="0"/>
						<line number="220" hits="0"/>
						<line number="222" hits="0"/>
						<line number="223" hits="0"/>
						<line number="225" hits="0"/>
						<line number="229" hits="0"/>
						<line number="231" hits="0"/>
						<line number="232" hits="0"/>
						<line number="234" hits="0"/>
						<line number="257" hits="0"/>
						<line number="258" hits="0"/>
						<line number="260" hits="0"/>
						<line number="270" hits="0"/>
						<line number="271" hits="0"/>
						<line number="273" hits="0"/>
						<line number="284" hits="0"/>
						<line number="285" hits="0"/>
						<line number="287" hits="0"/>
						<line number="297" hits="0"/>
						<line number="299" hits="0"/>
						<line number="300" hits="0"/>
						<line number="303" hits="0"/>
						<line number="306" hits="0"/>
						<line number="309" hits="0"/>
						<line number="313" hits="0"/>
						<line number="316" hits="0"/>
						<line number="320" hits="0"/>
						<line number="322" hits="0"/>
						<line number="324" hits="0"/>
						<line number="331" hits="0"/>
						<line number="333" hits="0" branch="true" condition-coverage="0% (0/2)" missing-branches="exit,334"/>
						<line number="334" hits="0"/>
						<line number="335" hits="0"/>
						<line number="337" hits="0"/>
						<line number="341" hits="0"/>
						<line number="342" hits="0"/>
						<line number="344" hits="0"/>
						<line number="349" hits="0"/>
						<line number="407" hits="0"/>
						<line number="434" hits="0"/>
						<line number="435" hits="0"/>
						<line number="436" hits="0"/>
						<line number="437" hits="0"/>
						<line number="438" hits="0"/>
						<line number="439" hits="0"/>
						<line number="442" hits="0"/>
						<line number="443" hits="0"/>
						<line number="444" hits="0"/>
						<line number="449" hits="0"/>
						<line number="453" hits="0"/>
						<line number="454" hits="0"/>
						<line number="455" hits="0"/>
						<line number="456" hits="0"/>
						<line number="457" hits="0"/>
						<line number="458" hits="0"/>
						<line number="459" hits="0"/>
						<line number="460" hits="0"/>
						<line number="461" hits="0"/>
						<line number="463" hits="0"/>
						<line number="464" hits="0"/>
						<line number="466" hits="0"/>
						<line number="468" hits="0"/>
						<line number="475" hits="0"/>
						<line number="476" hits="0"/>
						<line number="481" hits="0"/>
						<line number="482" hits="0" branch="true" condition-coverage="0% (0/2)" missing-branches="484,487"/>
						<line number="484" hits="0"/>
						<line number="487" hits="0"/>
						<line number="490" hits="0"/>
						<line number="493" hits="0"/>
						<line number="495" hits="0"/>
						<line number="497" hits="0"/>
						<line number="499" hits="0"/>
						<line number="501" hits="0" branch="true" condition-coverage="0% (0/2)" missing-branches="exit,502"/>
						<line number="502" hits="0" branch="true" condition-coverage="0% (0/2)" missing-branches="503,506"/>
						<line number="503" hits="0"/>
						<line number="504" hits="0"/>
						<line number="506" hits="0"/>
						<line number="508" hits="0"/>
						<line number="510" hits="0"/>
						<line number="515" hits="0"/>
						<line number="517" hits="0"/>
						<line number="523" hits="0"/>
						<line number="524" hits="0"/>
						<line number="525" hits="0"/>
						<line number="526" hits="0"/>
						<line number="527" hits="0"/>
						<line number="528" hits="0"/>
						<line number="530" hits="0"/>
						<line number="532" hits="0"/>
						<line number="534" hits="0" branch="true" condition-coverage="0% (0/2)" missing-branches="exit,535"/>
						<line number="535" hits="0" branch="true" condition-coverage="0% (0/2)" missing-branches="536,540"/>
						<line number="536" hits="0"/>
						<line number="537" hits="0"/>
						<line number="540" hits="0"/>
						<line number="541" hits="0"/>
						<line number="544" hits="0"/>
						<line number="550" hits="0"/>
						<line number="553" hits="0" branch="true" condition-coverage="0% (0/2)" missing-branches="554,573"/>
						<line number="554" hits="0"/>
						<line number="556" hits="0" branch="true" condition-coverage="0% (0/2)" missing-branches="557,560"/>
						<line number="557" hits="0"/>
						<line number="558" hits="0"/>
						<line number="560" hits="0" branch="true" condition-coverage="0% (0/2)" missing-branches="561,565"/>
						<line number="561" hits="0"/>
						<line number="562" hits="0"/>
						<line number="565" hits="0"/>
						<line number="567" hits="0"/>
						<line number="573" hits="0"/>
						<line number="575" hits="0"/>
						<line number="579" hits="0"/>
						<line number="580" hits="0"/>
						<line number="583" hits="0"/>
						<line number="584" hits="0"/>
						<line number="586" hits="0"/>
						<line number="604" hits="0"/>
						<line number="606" hits="0"/>
						<line number="609" hits="0"/>
						<line number="610" hits="0"/>
						<line number="613" hits="0"/>
						<line number="616" hits="0"/>
						<line number="619" hits="0"/>
						<line number="622" hits="0"/>
						<line number="625" hits="0" branch="true" condition-coverage="0% (0/2)" missing-branches="627,646"/>
						<line number="627" hits="0"/>
						<line number="632" hits="0"/>
						<line number="646" hits="0"/>
						<line number="651" hits="0"/>
						<line number="654" hits="0"/>
						<line number="659" hits="0"/>
						<line number="660" hits="0"/>
						<line number="663" hits="0"/>
						<line number="668" hits="0"/>
						<line number="675" hits="0"/>
						<line number="680" hits="0"/>
						<line number="682" hits="0"/>
						<line number="695" hits="0"/>
						<line number="697" hits="0"/>
						<line number="700" hits="0"/>
						<line number="701" hits="0"/>
						<line number="704" hits="0"/>
						<line number="705" hits="0"/>
						<line number="710" hits="0"/>
						<line number="711" hits="0"/>
						<line number="713" hits="0"/>
						<line number="717" hits="0"/>
						<line number="718" hits="0"/>
						<line number="719" hits="0"/>
						<line number="721" hits="0"/>
						<line number="743" hits="0" branch="true" condition-coverage="0% (0/2)" missing-branches="744,746"/>
						<line number="744" hits="0"/>
						<line number="746" hits="0"/>
						<line number="748" hits="0"/>
						<line number="750" hits="0"/>
						<line number="751" hits="0"/>
						<line number="753" hits="0"/>
						<line number="755" hits="0"/>
					</lines>
				</class>
				<class name="sniper.py" filename="agents/sniper.py" complexity="0" line-rate="0" branch-rate="0">
					<methods/>
					<lines>
						<line number="72" hits="0"/>
						<line number="73" hits="0"/>
						<line number="74" hits="0"/>
						<line number="75" hits="0"/>
						<line number="76" hits="0"/>
						<line number="78" hits="0"/>
						<line number="80" hits="0"/>
						<line number="83" hits="0"/>
						<line number="85" hits="0"/>
						<line number="86" hits="0"/>
						<line number="87" hits="0"/>
						<line number="88" hits="0"/>
						<line number="89" hits="0"/>
						<line number="90" hits="0"/>
						<line number="91" hits="0"/>
						<line number="94" hits="0"/>
						<line number="100" hits="0"/>
						<line number="145" hits="0"/>
						<line number="159" hits="0"/>
						<line number="161" hits="0"/>
						<line number="171" hits="0"/>
						<line number="172" hits="0"/>
						<line number="175" hits="0"/>
						<line number="183" hits="0"/>
						<line number="197" hits="0"/>
						<line number="198" hits="0"/>
						<line number="199" hits="0"/>
						<line number="202" hits="0"/>
						<line number="203" hits="0"/>
						<line number="205" hits="0"/>
						<line number="206" hits="0"/>
						<line number="209" hits="0"/>
						<line number="212" hits="0"/>
						<line number="214" hits="0"/>
						<line number="228" hits="0"/>
						<line number="229" hits="0"/>
						<line number="233" hits="0"/>
						<line number="246" hits="0"/>
						<line number="249" hits="0"/>
						<line number="250" hits="0" branch="true" condition-coverage="0% (0/2)" missing-branches="251,254"/>
						<line number="251" hits="0"/>
						<line number="254" hits="0"/>
						<line number="257" hits="0"/>
						<line number="258" hits="0" branch="true" condition-coverage="0% (0/2)" missing-branches="260,263"/>
						<line number="260" hits="0"/>
						<line number="263" hits="0"/>
						<line number="266" hits="0"/>
						<line number="267" hits="0"/>
						<line number="270" hits="0" branch="true" condition-coverage="0% (0/2)" missing-branches="271,274"/>
						<line number="271" hits="0"/>
						<line number="274" hits="0"/>
						<line number="276" hits="0"/>
						<line number="281" hits="0"/>
						<line number="283" hits="0"/>
						<line number="298" hits="0" branch="true" condition-coverage="0% (0/2)" missing-branches="300,303"/>
						<line number="300" hits="0"/>
						<line number="303" hits="0"/>
						<line number="308" hits="0" branch="true" condition-coverage="0% (0/2)" missing-branches="310,313"/>
						<line number="310" hits="0"/>
						<line number="313" hits="0"/>
						<line number="319" hits="0" branch="true" condition-coverage="0% (0/2)" missing-branches="321,324"/>
						<line number="321" hits="0"/>
						<line number="324" hits="0"/>
						<line number="326" hits="0"/>
						<line number="327" hits="0" branch="true" condition-coverage="0% (0/2)" missing-branches="329,335"/>
						<line number="329" hits="0"/>
						<line number="331" hits="0" branch="true" condition-coverage="0% (0/2)" missing-branches="332,339"/>
						<line number="332" hits="0"/>
						<line number="335" hits="0"/>
						<line number="336" hits="0" branch="true" condition-coverage="0% (0/2)" missing-branches="337,339"/>
						<line number="337" hits="0"/>
						<line number="339" hits="0"/>
						<line number="341" hits="0"/>
						<line number="360" hits="0"/>
						<line number="368" hits="0"/>
						<line number="371" hits="0" branch="true" condition-coverage="0% (0/2)" missing-branches="exit,373"/>
						<line number="373" hits="0"/>
						<line number="379" hits="0"/>
						<line number="389" hits="0" branch="true" condition-coverage="0% (0/2)" missing-branches="exit,390"/>
						<line number="390" hits="0" branch="true" condition-coverage="0% (0/2)" missing-branches="389,392"/>
						<line number="392" hits="0"/>
						<line number="395" hits="0" branch="true" condition-coverage="0% (0/2)" missing-branches="396,402"/>
						<line number="396" hits="0"/>
						<line number="397" hits="0"/>
						<line number="398" hits="0"/>
						<line number="399" hits="0"/>
						<line number="400" hits="0"/>
						<line number="401" hits="0"/>
						<line number="402" hits="0"/>
						<line number="404" hits="0"/>
						<line number="406" hits="0"/>
						<line number="407" hits="0" branch="true" condition-coverage="0% (0/2)" missing-branches="408,412"/>
						<line number="408" hits="0"/>
						<line number="409" hits="0"/>
						<line number="412" hits="0"/>
						<line number="414" hits="0"/>
					</lines>
				</class>
				<class name="spotter.py" filename="agents/spotter.py" complexity="0" line-rate="0.8333" branch-rate="0.7424">
					<methods/>
					<lines>
						<line number="77" hits="1"/>
						<line number="78" hits="1"/>
						<line number="79" hits="1"/>
						<line number="80" hits="1"/>
						<line number="82" hits="1"/>
						<line number="84" hits="1"/>
						<line number="87" hits="1"/>
						<line number="100" hits="1"/>
						<line number="101" hits="1"/>
						<line number="104" hits="1"/>
						<line number="121" hits="1"/>
						<line number="139" hits="1"/>
						<line number="159" hits="1"/>
						<line number="200" hits="1"/>
						<line number="213" hits="1"/>
						<line number="214" hits="1"/>
						<line number="215" hits="1"/>
						<line number="216" hits="1"/>
						<line number="217" hits="1"/>
						<line number="219" hits="1"/>
						<line number="232" hits="1"/>
						<line number="235" hits="1"/>
						<line number="236" hits="1"/>
						<line number="237" hits="1"/>
						<line number="240" hits="1"/>
						<line number="243" hits="1"/>
						<line number="247" hits="1"/>
						<line number="259" hits="1"/>
						<line number="266" hits="1"/>
						<line number="268" hits="1"/>
						<line number="275" hits="1"/>
						<line number="276" hits="1"/>
						<line number="278" hits="1"/>
						<line number="284" hits="1"/>
						<line number="285" hits="1"/>
						<line number="286" hits="1"/>
						<line number="287" hits="1"/>
						<line number="289" hits="1" branch="true" condition-coverage="100% (2/2)"/>
						<line number="290" hits="1"/>
						<line number="291" hits="1" branch="true" condition-coverage="100% (2/2)"/>
						<line number="292" hits="1"/>
						<line number="293" hits="1" branch="true" condition-coverage="100% (2/2)"/>
						<line number="294" hits="1"/>
						<line number="295" hits="1"/>
						<line number="297" hits="1"/>
						<line number="305" hits="1"/>
						<line number="306" hits="1"/>
						<line number="307" hits="1"/>
						<line number="309" hits="1" branch="true" condition-coverage="100% (2/2)"/>
						<line number="310" hits="1"/>
						<line number="311" hits="1" branch="true" condition-coverage="50% (1/2)" missing-branches="312"/>
						<line number="312" hits="0"/>
						<line number="314" hits="1"/>
						<line number="316" hits="1"/>
						<line number="321" hits="1"/>
						<line number="324" hits="1"/>
						<line number="326" hits="1"/>
						<line number="334" hits="1"/>
						<line number="343" hits="1"/>
						<line number="344" hits="1"/>
						<line number="348" hits="1"/>
						<line number="356" hits="1"/>
						<line number="357" hits="1"/>
						<line number="358" hits="1"/>
						<line number="359" hits="1"/>
						<line number="361" hits="1" branch="true" condition-coverage="100% (2/2)"/>
						<line number="362" hits="1"/>
						<line number="363" hits="1" branch="true" condition-coverage="100% (2/2)"/>
						<line number="364" hits="1"/>
						<line number="365" hits="1" branch="true" condition-coverage="100% (2/2)"/>
						<line number="366" hits="1"/>
						<line number="367" hits="1"/>
						<line number="369" hits="1"/>
						<line number="375" hits="1"/>
						<line number="376" hits="1"/>
						<line number="377" hits="1"/>
						<line number="380" hits="1"/>
						<line number="381" hits="1"/>
						<line number="383" hits="1" branch="true" condition-coverage="50% (1/2)" missing-branches="384"/>
						<line number="384" hits="0"/>
						<line number="385" hits="1" branch="true" condition-coverage="100% (2/2)"/>
						<line number="386" hits="1"/>
						<line number="388" hits="1"/>
						<line number="390" hits="1"/>
						<line number="393" hits="1"/>
						<line number="396" hits="1"/>
						<line number="398" hits="1"/>
						<line number="406" hits="1"/>
						<line number="413" hits="1"/>
						<line number="414" hits="1"/>
						<line number="416" hits="1"/>
						<line number="422" hits="1"/>
						<line number="423" hits="1"/>
						<line number="424" hits="1"/>
						<line number="425" hits="1"/>
						<line number="427" hits="1" branch="true" condition-coverage="100% (2/2)"/>
						<line number="428" hits="1"/>
						<line number="429" hits="1" branch="true" condition-coverage="100% (2/2)"/>
						<line number="430" hits="1"/>
						<line number="431" hits="1" branch="true" condition-coverage="50% (1/2)" missing-branches="432"/>
						<line number="432" hits="0"/>
						<line number="433" hits="0"/>
						<line number="435" hits="1"/>
						<line number="440" hits="1"/>
						<line number="441" hits="1"/>
						<line number="442" hits="1"/>
						<line number="444" hits="1" branch="true" condition-coverage="50% (1/2)" missing-branches="445"/>
						<line number="445" hits="0"/>
						<line number="446" hits="1" branch="true" condition-coverage="50% (1/2)" missing-branches="447"/>
						<line number="447" hits="0"/>
						<line number="448" hits="1" branch="true" condition-coverage="50% (1/2)" missing-branches="449"/>
						<line number="449" hits="0"/>
						<line number="451" hits="1"/>
						<line number="453" hits="1"/>
						<line number="456" hits="1"/>
						<line number="459" hits="1"/>
						<line number="461" hits="1"/>
						<line number="469" hits="1"/>
						<line number="489" hits="1"/>
						<line number="495" hits="1"/>
						<line number="496" hits="1"/>
						<line number="498" hits="1"/>
						<line number="506" hits="1" branch="true" condition-coverage="50% (1/2)" missing-branches="507"/>
						<line number="507" hits="0"/>
						<line number="508" hits="0"/>
						<line number="509" hits="0"/>
						<line number="510" hits="1" branch="true" condition-coverage="50% (1/2)" missing-branches="511"/>
						<line number="511" hits="0"/>
						<line number="512" hits="0"/>
						<line number="513" hits="1" branch="true" condition-coverage="50% (1/2)" missing-branches="514"/>
						<line number="514" hits="0"/>
						<line number="515" hits="0"/>
						<line number="518" hits="1"/>
						<line number="519" hits="1"/>
						<line number="521" hits="1"/>
						<line number="523" hits="1"/>
						<line number="525" hits="0"/>
						<line number="533" hits="1"/>
						<line number="551" hits="1"/>
						<line number="554" hits="1"/>
						<line number="558" hits="1" branch="true" condition-coverage="100% (2/2)"/>
						<line number="559" hits="1"/>
						<line number="560" hits="1" branch="true" condition-coverage="50% (1/2)" missing-branches="561"/>
						<line number="561" hits="0"/>
						<line number="563" hits="1"/>
						<line number="565" hits="1"/>
						<line number="568" hits="1"/>
						<line number="570" hits="1"/>
						<line number="587" hits="1"/>
						<line number="588" hits="1"/>
						<line number="591" hits="1" branch="true" condition-coverage="100% (2/2)"/>
						<line number="592" hits="1"/>
						<line number="593" hits="1" branch="true" condition-coverage="100% (2/2)"/>
						<line number="594" hits="1" branch="true" condition-coverage="100% (2/2)"/>
						<line number="595" hits="1"/>
						<line number="598" hits="1" branch="true" condition-coverage="100% (2/2)"/>
						<line number="599" hits="1"/>
						<line number="603" hits="1" branch="true" condition-coverage="100% (2/2)"/>
						<line number="604" hits="1"/>
						<line number="605" hits="1"/>
						<line number="606" hits="1"/>
						<line number="607" hits="1"/>
						<line number="610" hits="1" branch="true" condition-coverage="100% (2/2)"/>
						<line number="611" hits="1" branch="true" condition-coverage="50% (1/2)" missing-branches="613"/>
						<line number="613" hits="0" branch="true" condition-coverage="0% (0/2)" missing-branches="614,617"/>
						<line number="614" hits="0"/>
						<line number="617" hits="1" branch="true" condition-coverage="100% (2/2)"/>
						<line number="618" hits="1"/>
						<line number="621" hits="1" branch="true" condition-coverage="100% (2/2)"/>
						<line number="622" hits="1"/>
						<line number="624" hits="1"/>
						<line number="626" hits="1"/>
						<line number="642" hits="0" branch="true" condition-coverage="0% (0/2)" missing-branches="644,647"/>
						<line number="644" hits="0"/>
						<line number="647" hits="0"/>
						<line number="648" hits="0" branch="true" condition-coverage="0% (0/2)" missing-branches="649,653"/>
						<line number="649" hits="0"/>
						<line number="650" hits="0"/>
						<line number="653" hits="0"/>
						<line number="659" hits="1"/>
						<line number="678" hits="0"/>
						<line number="681" hits="0"/>
						<line number="684" hits="0"/>
						<line number="685" hits="0"/>
						<line number="686" hits="0"/>
						<line number="688" hits="0"/>
					</lines>
				</class>
				<class name="target.py" filename="agents/target.py" complexity="0" line-rate="0" branch-rate="0">
					<methods/>
					<lines>
						<line number="99" hits="0"/>
						<line number="100" hits="0"/>
						<line number="101" hits="0"/>
						<line number="102" hits="0"/>
						<line number="103" hits="0"/>
						<line number="104" hits="0"/>
						<line number="105" hits="0"/>
						<line number="107" hits="0"/>
						<line number="109" hits="0"/>
						<line number="112" hits="0"/>
						<line number="113" hits="0"/>
						<line number="114" hits="0"/>
						<line number="115" hits="0"/>
						<line number="118" hits="0"/>
						<line number="121" hits="0"/>
						<line number="122" hits="0"/>
						<line number="123" hits="0"/>
						<line number="124" hits="0"/>
						<line number="125" hits="0"/>
						<line number="128" hits="0"/>
						<line number="131" hits="0"/>
						<line number="155" hits="0"/>
						<line number="156" hits="0"/>
						<line number="157" hits="0"/>
						<line number="164" hits="0"/>
						<line number="171" hits="0"/>
						<line number="172" hits="0"/>
						<line number="173" hits="0"/>
						<line number="174" hits="0"/>
						<line number="177" hits="0"/>
						<line number="185" hits="0"/>
						<line number="186" hits="0"/>
						<line number="201" hits="0"/>
						<line number="203" hits="0"/>
						<line number="208" hits="0"/>
						<line number="210" hits="0"/>
						<line number="212" hits="0"/>
						<line number="229" hits="0" branch="true" condition-coverage="0% (0/2)" missing-branches="230,232"/>
						<line number="230" hits="0"/>
						<line number="232" hits="0"/>
						<line number="233" hits="0"/>
						<line number="234" hits="0"/>
						<line number="237" hits="0" branch="true" condition-coverage="0% (0/2)" missing-branches="238,249"/>
						<line number="238" hits="0"/>
						<line number="239" hits="0" branch="true" condition-coverage="0% (0/2)" missing-branches="241,246"/>
						<line number="241" hits="0"/>
						<line number="246" hits="0"/>
						<line number="249" hits="0" branch="true" condition-coverage="0% (0/2)" missing-branches="250,262"/>
						<line number="250" hits="0"/>
						<line number="251" hits="0" branch="true" condition-coverage="0% (0/2)" missing-branches="252,262"/>
						<line number="252" hits="0" branch="true" condition-coverage="0% (0/2)" missing-branches="254,259"/>
						<line number="254" hits="0" branch="true" condition-coverage="0% (0/2)" missing-branches="255,262"/>
						<line number="255" hits="0" branch="true" condition-coverage="0% (0/2)" missing-branches="254,256"/>
						<line number="256" hits="0"/>
						<line number="257" hits="0"/>
						<line number="259" hits="0"/>
						<line number="262" hits="0" branch="true" condition-coverage="0% (0/2)" missing-branches="263,272"/>
						<line number="263" hits="0"/>
						<line number="267" hits="0"/>
						<line number="268" hits="0"/>
						<line number="272" hits="0"/>
						<line number="274" hits="0"/>
						<line number="284" hits="0" branch="true" condition-coverage="0% (0/2)" missing-branches="285,287"/>
						<line number="285" hits="0"/>
						<line number="287" hits="0"/>
						<line number="290" hits="0" branch="true" condition-coverage="0% (0/2)" missing-branches="291,297"/>
						<line number="291" hits="0"/>
						<line number="293" hits="0"/>
						<line number="294" hits="0"/>
						<line number="297" hits="0" branch="true" condition-coverage="0% (0/2)" missing-branches="298,307"/>
						<line number="298" hits="0" branch="true" condition-coverage="0% (0/2)" missing-branches="299,307"/>
						<line number="299" hits="0"/>
						<line number="300" hits="0"/>
						<line number="301" hits="0" branch="true" condition-coverage="0% (0/2)" missing-branches="302,307"/>
						<line number="302" hits="0"/>
						<line number="303" hits="0"/>
						<line number="307" hits="0"/>
						<line number="310" hits="0"/>
						<line number="313" hits="0"/>
						<line number="329" hits="0"/>
						<line number="330" hits="0" branch="true" condition-coverage="0% (0/2)" missing-branches="331,333"/>
						<line number="331" hits="0"/>
						<line number="333" hits="0"/>
						<line number="334" hits="0"/>
						<line number="335" hits="0"/>
						<line number="336" hits="0"/>
						<line number="339" hits="0"/>
						<line number="340" hits="0"/>
						<line number="342" hits="0"/>
						<line number="343" hits="0"/>
						<line number="344" hits="0"/>
						<line number="348" hits="0"/>
						<line number="350" hits="0"/>
						<line number="352" hits="0"/>
						<line number="355" hits="0"/>
						<line number="359" hits="0"/>
						<line number="366" hits="0"/>
						<line number="369" hits="0"/>
						<line number="371" hits="0"/>
						<line number="373" hits="0"/>
						<line number="374" hits="0"/>
						<line number="375" hits="0"/>
						<line number="377" hits="0"/>
						<line number="379" hits="0"/>
						<line number="388" hits="0"/>
						<line number="391" hits="0"/>
						<line number="407" hits="0"/>
						<line number="408" hits="0" branch="true" condition-coverage="0% (0/2)" missing-branches="409,411"/>
						<line number="409" hits="0"/>
						<line number="411" hits="0"/>
						<line number="412" hits="0"/>
						<line number="413" hits="0"/>
						<line number="414" hits="0"/>
						<line number="417" hits="0"/>
						<line number="418" hits="0"/>
						<line number="420" hits="0"/>
						<line number="421" hits="0"/>
						<line number="422" hits="0"/>
						<line number="426" hits="0"/>
						<line number="428" hits="0"/>
						<line number="430" hits="0"/>
						<line number="433" hits="0"/>
						<line number="438" hits="0"/>
						<line number="439" hits="0"/>
						<line number="440" hits="0" branch="true" condition-coverage="0% (0/2)" missing-branches="441,447"/>
						<line number="441" hits="0" branch="true" condition-coverage="0% (0/2)" missing-branches="442,444"/>
						<line number="442" hits="0"/>
						<line number="444" hits="0"/>
						<line number="447" hits="0"/>
						<line number="453" hits="0" branch="true" condition-coverage="0% (0/2)" missing-branches="454,456"/>
						<line number="454" hits="0"/>
						<line number="456" hits="0"/>
						<line number="458" hits="0"/>
						<line number="461" hits="0"/>
						<line number="463" hits="0"/>
						<line number="465" hits="0"/>
						<line number="466" hits="0"/>
						<line number="467" hits="0"/>
						<line number="469" hits="0"/>
						<line number="471" hits="0"/>
						<line number="472" hits="0"/>
						<line number="478" hits="0"/>
						<line number="481" hits="0"/>
						<line number="484" hits="0"/>
						<line number="502" hits="0"/>
						<line number="503" hits="0" branch="true" condition-coverage="0% (0/2)" missing-branches="504,506"/>
						<line number="504" hits="0"/>
						<line number="506" hits="0"/>
						<line number="507" hits="0"/>
						<line number="508" hits="0"/>
						<line number="509" hits="0"/>
						<line number="510" hits="0"/>
						<line number="513" hits="0"/>
						<line number="514" hits="0"/>
						<line number="516" hits="0"/>
						<line number="521" hits="0"/>
						<line number="522" hits="0"/>
						<line number="525" hits="0"/>
						<line number="526" hits="0"/>
						<line number="528" hits="0"/>
						<line number="530" hits="0"/>
						<line number="532" hits="0"/>
						<line number="537" hits="0"/>
						<line number="538" hits="0"/>
						<line number="548" hits="0"/>
						<line number="551" hits="0"/>
						<line number="553" hits="0"/>
						<line number="555" hits="0"/>
						<line number="556" hits="0"/>
						<line number="557" hits="0"/>
						<line number="559" hits="0"/>
						<line number="561" hits="0"/>
						<line number="562" hits="0"/>
						<line number="568" hits="0"/>
						<line number="571" hits="0"/>
						<line number="574" hits="0"/>
						<line number="594" hits="0"/>
						<line number="595" hits="0" branch="true" condition-coverage="0% (0/2)" missing-branches="596,598"/>
						<line number="596" hits="0"/>
						<line number="598" hits="0"/>
						<line number="599" hits="0"/>
						<line number="600" hits="0"/>
						<line number="601" hits="0"/>
						<line number="602" hits="0"/>
						<line number="603" hits="0"/>
						<line number="605" hits="0" branch="true" condition-coverage="0% (0/2)" missing-branches="606,608"/>
						<line number="606" hits="0"/>
						<line number="608" hits="0" branch="true" condition-coverage="0% (0/2)" missing-branches="exit,609"/>
						<line number="609" hits="0"/>
						<line number="613" hits="0"/>
						<line number="615" hits="0"/>
						<line number="617" hits="0"/>
						<line number="624" hits="0" branch="true" condition-coverage="0% (0/2)" missing-branches="625,630"/>
						<line number="625" hits="0"/>
						<line number="630" hits="0" branch="true" condition-coverage="0% (0/2)" missing-branches="631,638"/>
						<line number="631" hits="0"/>
						<line number="638" hits="0"/>
						<line number="645" hits="0"/>
						<line number="646" hits="0"/>
						<line number="652" hits="0"/>
						<line number="654" hits="0"/>
						<line number="657" hits="0" branch="true" condition-coverage="0% (0/2)" missing-branches="658,661"/>
						<line number="658" hits="0"/>
						<line number="661" hits="0" branch="true" condition-coverage="0% (0/2)" missing-branches="662,665"/>
						<line number="662" hits="0"/>
						<line number="665" hits="0"/>
						<line number="668" hits="0"/>
						<line number="670" hits="0"/>
						<line number="672" hits="0"/>
						<line number="673" hits="0"/>
						<line number="674" hits="0"/>
						<line number="676" hits="0"/>
						<line number="678" hits="0"/>
						<line number="679" hits="0"/>
						<line number="684" hits="0"/>
						<line number="687" hits="0"/>
						<line number="696" hits="0"/>
						<line number="710" hits="0"/>
						<line number="711" hits="0"/>
						<line number="712" hits="0"/>
						<line number="715" hits="0" branch="true" condition-coverage="0% (0/2)" missing-branches="exit,716"/>
						<line number="716" hits="0"/>
						<line number="718" hits="0"/>
						<line number="731" hits="0" branch="true" condition-coverage="0% (0/2)" missing-branches="733,736"/>
						<line number="733" hits="0"/>
						<line number="736" hits="0"/>
						<line number="737" hits="0"/>
						<line number="738" hits="0"/>
						<line number="740" hits="0"/>
						<line number="742" hits="0"/>
						<line number="744" hits="0"/>
						<line number="745" hits="0"/>
						<line number="746" hits="0"/>
						<line number="748" hits="0"/>
						<line number="755" hits="0"/>
						<line number="762" hits="0" branch="true" condition-coverage="0% (0/2)" missing-branches="763,768"/>
						<line number="763" hits="0"/>
						<line number="764" hits="0"/>
						<line number="765" hits="0" branch="true" condition-coverage="0% (0/2)" missing-branches="766,768"/>
						<line number="766" hits="0"/>
						<line number="768" hits="0"/>
						<line number="771" hits="0"/>
						<line number="795" hits="0"/>
						<line number="797" hits="0"/>
					</lines>
				</class>
			</classes>
		</package>
		<package name="analytics" line-rate="0" branch-rate="0" complexity="0">
			<classes>
				<class name="__init__.py" filename="analytics/__init__.py" complexity="0" line-rate="0" branch-rate="1">
					<methods/>
					<lines>
						<line number="7" hits="0"/>
						<line number="14" hits="0"/>
					</lines>
				</class>
				<class name="time_tracking.py" filename="analytics/time_tracking.py" complexity="0" line-rate="0" branch-rate="0">
					<methods/>
					<lines>
						<line number="14" hits="0"/>
						<line number="15" hits="0"/>
						<line number="16" hits="0"/>
						<line number="17" hits="0"/>
						<line number="18" hits="0"/>
						<line number="19" hits="0"/>
						<line number="21" hits="0"/>
						<line number="24" hits="0"/>
						<line number="26" hits="0"/>
						<line number="27" hits="0"/>
						<line number="28" hits="0"/>
						<line number="29" hits="0"/>
						<line number="32" hits="0"/>
						<line number="33" hits="0"/>
						<line number="39" hits="0"/>
						<line number="40" hits="0"/>
						<line number="41" hits="0"/>
						<line number="42" hits="0"/>
						<line number="43" hits="0"/>
						<line number="44" hits="0"/>
						<line number="45" hits="0"/>
						<line number="46" hits="0"/>
						<line number="47" hits="0"/>
						<line number="48" hits="0"/>
						<line number="50" hits="0"/>
						<line number="52" hits="0"/>
						<line number="66" hits="0"/>
						<line number="67" hits="0"/>
						<line number="73" hits="0"/>
						<line number="74" hits="0"/>
						<line number="75" hits="0"/>
						<line number="76" hits="0"/>
						<line number="77" hits="0"/>
						<line number="78" hits="0"/>
						<line number="79" hits="0"/>
						<line number="80" hits="0"/>
						<line number="82" hits="0"/>
						<line number="84" hits="0"/>
						<line number="96" hits="0"/>
						<line number="97" hits="0"/>
						<line number="103" hits="0"/>
						<line number="104" hits="0"/>
						<line number="105" hits="0"/>
						<line number="106" hits="0"/>
						<line number="107" hits="0"/>
						<line number="108" hits="0"/>
						<line number="109" hits="0"/>
						<line number="110" hits="0"/>
						<line number="111" hits="0"/>
						<line number="112" hits="0"/>
						<line number="114" hits="0"/>
						<line number="116" hits="0"/>
						<line number="130" hits="0"/>
						<line number="144" hits="0"/>
						<line number="151" hits="0"/>
						<line number="153" hits="0"/>
						<line number="170" hits="0"/>
						<line number="171" hits="0"/>
						<line number="174" hits="0"/>
						<line number="181" hits="0"/>
						<line number="182" hits="0"/>
						<line number="184" hits="0" branch="true" condition-coverage="0% (0/2)" missing-branches="186,198"/>
						<line number="186" hits="0"/>
						<line number="198" hits="0"/>
						<line number="199" hits="0"/>
						<line number="200" hits="0"/>
						<line number="203" hits="0"/>
						<line number="204" hits="0"/>
						<line number="205" hits="0"/>
						<line number="206" hits="0"/>
						<line number="209" hits="0"/>
						<line number="210" hits="0"/>
						<line number="211" hits="0"/>
						<line number="214" hits="0"/>
						<line number="215" hits="0"/>
						<line number="216" hits="0"/>
						<line number="217" hits="0"/>
						<line number="218" hits="0"/>
						<line number="219" hits="0"/>
						<line number="222" hits="0"/>
						<line number="223" hits="0"/>
						<line number="226" hits="0"/>
						<line number="229" hits="0" branch="true" condition-coverage="0% (0/2)" missing-branches="230,235"/>
						<line number="230" hits="0"/>
						<line number="235" hits="0"/>
						<line number="237" hits="0"/>
						<line number="248" hits="0"/>
						<line number="259" hits="0"/>
						<line number="260" hits="0" branch="true" condition-coverage="0% (0/2)" missing-branches="261,263"/>
						<line number="261" hits="0"/>
						<line number="263" hits="0"/>
						<line number="264" hits="0"/>
						<line number="266" hits="0"/>
						<line number="267" hits="0"/>
						<line number="269" hits="0" branch="true" condition-coverage="0% (0/2)" missing-branches="270,272"/>
						<line number="270" hits="0"/>
						<line number="272" hits="0"/>
						<line number="275" hits="0"/>
						<line number="292" hits="0"/>
						<line number="299" hits="0"/>
						<line number="301" hits="0"/>
						<line number="318" hits="0"/>
						<line number="319" hits="0"/>
						<line number="321" hits="0" branch="true" condition-coverage="0% (0/2)" missing-branches="322,336"/>
						<line number="322" hits="0"/>
						<line number="336" hits="0"/>
						<line number="337" hits="0"/>
						<line number="338" hits="0"/>
						<line number="341" hits="0"/>
						<line number="342" hits="0"/>
						<line number="343" hits="0"/>
						<line number="345" hits="0" branch="true" condition-coverage="0% (0/2)" missing-branches="346,348"/>
						<line number="346" hits="0"/>
						<line number="348" hits="0"/>
						<line number="351" hits="0"/>
						<line number="352" hits="0"/>
						<line number="354" hits="0" branch="true" condition-coverage="0% (0/2)" missing-branches="355,356"/>
						<line number="355" hits="0"/>
						<line number="356" hits="0" branch="true" condition-coverage="0% (0/2)" missing-branches="357,358"/>
						<line number="357" hits="0"/>
						<line number="358" hits="0" branch="true" condition-coverage="0% (0/2)" missing-branches="359,361"/>
						<line number="359" hits="0"/>
						<line number="361" hits="0"/>
						<line number="364" hits="0"/>
						<line number="366" hits="0"/>
						<line number="384" hits="0"/>
						<line number="386" hits="0"/>
						<line number="387" hits="0"/>
						<line number="389" hits="0"/>
						<line number="395" hits="0"/>
						<line number="396" hits="0"/>
						<line number="398" hits="0"/>
						<line number="400" hits="0"/>
						<line number="402" hits="0" branch="true" condition-coverage="0% (0/2)" missing-branches="403,404"/>
						<line number="403" hits="0"/>
						<line number="404" hits="0"/>
						<line number="407" hits="0"/>
						<line number="421" hits="0"/>
						<line number="428" hits="0"/>
						<line number="430" hits="0"/>
						<line number="443" hits="0"/>
						<line number="444" hits="0"/>
						<line number="447" hits="0"/>
						<line number="454" hits="0"/>
						<line number="455" hits="0"/>
						<line number="457" hits="0" branch="true" condition-coverage="0% (0/2)" missing-branches="459,473"/>
						<line number="459" hits="0"/>
						<line number="473" hits="0"/>
						<line number="476" hits="0"/>
						<line number="477" hits="0"/>
						<line number="478" hits="0"/>
						<line number="479" hits="0"/>
						<line number="480" hits="0"/>
						<line number="481" hits="0"/>
						<line number="484" hits="0"/>
						<line number="485" hits="0"/>
						<line number="488" hits="0"/>
						<line number="489" hits="0"/>
						<line number="490" hits="0"/>
						<line number="491" hits="0"/>
						<line number="492" hits="0"/>
						<line number="493" hits="0"/>
						<line number="496" hits="0"/>
						<line number="498" hits="0"/>
						<line number="511" hits="0"/>
						<line number="524" hits="0"/>
						<line number="525" hits="0" branch="true" condition-coverage="0% (0/2)" missing-branches="526,527"/>
						<line number="526" hits="0"/>
						<line number="527" hits="0"/>
						<line number="529" hits="0"/>
						<line number="531" hits="0"/>
						<line number="532" hits="0" branch="true" condition-coverage="0% (0/2)" missing-branches="533,535"/>
						<line number="533" hits="0"/>
						<line number="535" hits="0"/>
						<line number="536" hits="0"/>
						<line number="538" hits="0"/>
						<line number="539" hits="0"/>
						<line number="541" hits="0" branch="true" condition-coverage="0% (0/2)" missing-branches="542,544"/>
						<line number="542" hits="0"/>
						<line number="544" hits="0"/>
						<line number="546" hits="0"/>
						<line number="562" hits="0"/>
						<line number="563" hits="0"/>
						<line number="565" hits="0" branch="true" condition-coverage="0% (0/2)" missing-branches="566,568"/>
						<line number="566" hits="0"/>
						<line number="568" hits="0" branch="true" condition-coverage="0% (0/2)" missing-branches="569,571"/>
						<line number="569" hits="0"/>
						<line number="571" hits="0" branch="true" condition-coverage="0% (0/2)" missing-branches="572,574"/>
						<line number="572" hits="0"/>
						<line number="574" hits="0"/>
					</lines>
				</class>
			</classes>
		</package>
		<package name="benchmarking" line-rate="0" branch-rate="0" complexity="0">
			<classes>
				<class name="__init__.py" filename="benchmarking/__init__.py" complexity="0" line-rate="0" branch-rate="1">
					<methods/>
					<lines>
						<line number="7" hits="0"/>
						<line number="13" hits="0"/>
						<line number="15" hits="0"/>
					</lines>
				</class>
				<class name="benchmark_runner.py" filename="benchmarking/benchmark_runner.py" complexity="0" line-rate="0" branch-rate="0">
					<methods/>
					<lines>
						<line number="7" hits="0"/>
						<line number="8" hits="0"/>
						<line number="9" hits="0"/>
						<line number="10" hits="0"/>
						<line number="11" hits="0"/>
						<line number="13" hits="0"/>
						<line number="18" hits="0"/>
						<line number="20" hits="0"/>
						<line number="23" hits="0"/>
						<line number="33" hits="0"/>
						<line number="40" hits="0"/>
						<line number="41" hits="0"/>
						<line number="43" hits="0"/>
						<line number="62" hits="0"/>
						<line number="63" hits="0"/>
						<line number="64" hits="0"/>
						<line number="66" hits="0"/>
						<line number="67" hits="0"/>
						<line number="68" hits="0"/>
						<line number="70" hits="0"/>
						<line number="72" hits="0"/>
						<line number="73" hits="0" branch="true" condition-coverage="0% (0/2)" missing-branches="74,77"/>
						<line number="74" hits="0"/>
						<line number="77" hits="0"/>
						<line number="83" hits="0"/>
						<line number="84" hits="0"/>
						<line number="86" hits="0"/>
						<line number="87" hits="0"/>
						<line number="88" hits="0"/>
						<line number="89" hits="0"/>
						<line number="90" hits="0"/>
						<line number="91" hits="0"/>
						<line number="94" hits="0"/>
						<line number="95" hits="0"/>
						<line number="96" hits="0"/>
						<line number="97" hits="0"/>
						<line number="99" hits="0"/>
						<line number="101" hits="0"/>
						<line number="123" hits="0"/>
						<line number="124" hits="0"/>
						<line number="125" hits="0"/>
						<line number="127" hits="0"/>
						<line number="129" hits="0"/>
						<line number="130" hits="0"/>
						<line number="131" hits="0"/>
						<line number="134" hits="0"/>
						<line number="156" hits="0"/>
						<line number="157" hits="0"/>
						<line number="158" hits="0"/>
						<line number="161" hits="0"/>
						<line number="184" hits="0"/>
						<line number="187" hits="0"/>
						<line number="194" hits="0"/>
					</lines>
				</class>
				<class name="benchmark_suite.py" filename="benchmarking/benchmark_suite.py" complexity="0" line-rate="0" branch-rate="0">
					<methods/>
					<lines>
						<line number="7" hits="0"/>
						<line number="8" hits="0"/>
						<line number="9" hits="0"/>
						<line number="10" hits="0"/>
						<line number="11" hits="0"/>
						<line number="12" hits="0"/>
						<line number="13" hits="0"/>
						<line number="15" hits="0"/>
						<line number="18" hits="0"/>
						<line number="20" hits="0"/>
						<line number="21" hits="0"/>
						<line number="22" hits="0"/>
						<line number="23" hits="0"/>
						<line number="26" hits="0"/>
						<line number="27" hits="0"/>
						<line number="29" hits="0"/>
						<line number="30" hits="0"/>
						<line number="31" hits="0"/>
						<line number="32" hits="0"/>
						<line number="33" hits="0"/>
						<line number="34" hits="0"/>
						<line number="35" hits="0"/>
						<line number="37" hits="0"/>
						<line number="39" hits="0"/>
						<line number="42" hits="0"/>
						<line number="43" hits="0"/>
						<line number="45" hits="0"/>
						<line number="46" hits="0"/>
						<line number="47" hits="0"/>
						<line number="48" hits="0"/>
						<line number="49" hits="0"/>
						<line number="50" hits="0"/>
						<line number="51" hits="0"/>
						<line number="52" hits="0"/>
						<line number="53" hits="0"/>
						<line number="54" hits="0"/>
						<line number="55" hits="0"/>
						<line number="56" hits="0"/>
						<line number="57" hits="0"/>
						<line number="58" hits="0"/>
						<line number="59" hits="0"/>
						<line number="60" hits="0"/>
						<line number="61" hits="0"/>
						<line number="62" hits="0"/>
						<line number="63" hits="0"/>
						<line number="64" hits="0"/>
						<line number="66" hits="0"/>
						<line number="68" hits="0"/>
						<line number="69" hits="0"/>
						<line number="70" hits="0"/>
						<line number="71" hits="0"/>
						<line number="73" hits="0"/>
						<line number="75" hits="0"/>
						<line number="78" hits="0"/>
						<line number="79" hits="0"/>
						<line number="81" hits="0"/>
						<line number="82" hits="0"/>
						<line number="83" hits="0"/>
						<line number="86" hits="0"/>
						<line number="87" hits="0"/>
						<line number="90" hits="0"/>
						<line number="91" hits="0"/>
						<line number="92" hits="0"/>
						<line number="95" hits="0"/>
						<line number="96" hits="0"/>
						<line number="97" hits="0"/>
						<line number="98" hits="0"/>
						<line number="99" hits="0"/>
						<line number="102" hits="0"/>
						<line number="105" hits="0"/>
						<line number="106" hits="0"/>
						<line number="108" hits="0"/>
						<line number="110" hits="0"/>
						<line number="145" hits="0"/>
						<line number="147" hits="0"/>
						<line number="150" hits="0"/>
						<line number="161" hits="0"/>
						<line number="168" hits="0"/>
						<line number="169" hits="0"/>
						<line number="170" hits="0"/>
						<line number="172" hits="0"/>
						<line number="183" hits="0"/>
						<line number="184" hits="0"/>
						<line number="185" hits="0"/>
						<line number="188" hits="0"/>
						<line number="189" hits="0"/>
						<line number="191" hits="0"/>
						<line number="192" hits="0"/>
						<line number="194" hits="0"/>
						<line number="204" hits="0"/>
						<line number="205" hits="0"/>
						<line number="208" hits="0"/>
						<line number="211" hits="0"/>
						<line number="214" hits="0"/>
						<line number="237" hits="0"/>
						<line number="239" hits="0"/>
						<line number="254" hits="0"/>
						<line number="256" hits="0" branch="true" condition-coverage="0% (0/2)" missing-branches="258,264"/>
						<line number="258" hits="0" branch="true" condition-coverage="0% (0/2)" missing-branches="259,260"/>
						<line number="259" hits="0"/>
						<line number="260" hits="0" branch="true" condition-coverage="0% (0/2)" missing-branches="261,262"/>
						<line number="261" hits="0"/>
						<line number="262" hits="0"/>
						<line number="264" hits="0"/>
						<line number="266" hits="0"/>
						<line number="282" hits="0"/>
						<line number="283" hits="0"/>
						<line number="287" hits="0"/>
						<line number="288" hits="0"/>
						<line number="291" hits="0"/>
						<line number="292" hits="0"/>
						<line number="295" hits="0"/>
						<line number="296" hits="0"/>
						<line number="297" hits="0"/>
						<line number="298" hits="0"/>
						<line number="299" hits="0"/>
						<line number="302" hits="0"/>
						<line number="305" hits="0" branch="true" condition-coverage="0% (0/2)" missing-branches="306,312"/>
						<line number="306" hits="0"/>
						<line number="307" hits="0"/>
						<line number="312" hits="0" branch="true" condition-coverage="0% (0/2)" missing-branches="313,319"/>
						<line number="313" hits="0"/>
						<line number="314" hits="0"/>
						<line number="319" hits="0" branch="true" condition-coverage="0% (0/2)" missing-branches="320,327"/>
						<line number="320" hits="0"/>
						<line number="321" hits="0"/>
						<line number="327" hits="0"/>
						<line number="328" hits="0"/>
						<line number="333" hits="0"/>
						<line number="352" hits="0"/>
						<line number="362" hits="0" branch="true" condition-coverage="0% (0/2)" missing-branches="363,365"/>
						<line number="363" hits="0"/>
						<line number="365" hits="0"/>
					</lines>
				</class>
			</classes>
		</package>
		<package name="core" line-rate="0" branch-rate="0" complexity="0">
			<classes>
				<class name="__init__.py" filename="core/__init__.py" complexity="0" line-rate="1" branch-rate="1">
					<methods/>
					<lines/>
				</class>
				<class name="config.py" filename="core/config.py" complexity="0" line-rate="0" branch-rate="0">
					<methods/>
					<lines>
						<line number="34" hits="0"/>
						<line number="35" hits="0"/>
						<line number="36" hits="0"/>
						<line number="39" hits="0"/>
						<line number="41" hits="0"/>
						<line number="42" hits="0"/>
						<line number="45" hits="0"/>
						<line number="47" hits="0"/>
						<line number="48" hits="0"/>
						<line number="49" hits="0"/>
						<line number="50" hits="0"/>
						<line number="53" hits="0"/>
						<line number="54" hits="0"/>
						<line number="56" hits="0"/>
						<line number="57" hits="0"/>
						<line number="58" hits="0"/>
						<line number="59" hits="0"/>
						<line number="62" hits="0"/>
						<line number="63" hits="0"/>
						<line number="65" hits="0"/>
						<line number="66" hits="0"/>
						<line number="67" hits="0"/>
						<line number="70" hits="0"/>
						<line number="71" hits="0"/>
						<line number="72" hits="0"/>
						<line number="73" hits="0"/>
						<line number="74" hits="0"/>
						<line number="75" hits="0"/>
						<line number="76" hits="0"/>
						<line number="77" hits="0"/>
						<line number="78" hits="0"/>
						<line number="81" hits="0"/>
						<line number="82" hits="0"/>
						<line number="84" hits="0"/>
						<line number="85" hits="0"/>
						<line number="86" hits="0"/>
						<line number="87" hits="0"/>
						<line number="88" hits="0"/>
						<line number="91" hits="0"/>
						<line number="92" hits="0"/>
						<line number="94" hits="0"/>
						<line number="95" hits="0"/>
						<line number="96" hits="0"/>
						<line number="97" hits="0"/>
						<line number="98" hits="0"/>
						<line number="99" hits="0"/>
						<line number="100" hits="0"/>
						<line number="102" hits="0"/>
						<line number="103" hits="0"/>
						<line number="104" hits="0"/>
						<line number="106" hits="0"/>
						<line number="107" hits="0"/>
						<line number="108" hits="0"/>
						<line number="110" hits="0"/>
						<line number="111" hits="0"/>
						<line number="112" hits="0"/>
						<line number="113" hits="0"/>
						<line number="114" hits="0"/>
						<line number="115" hits="0"/>
						<line number="118" hits="0"/>
						<line number="119" hits="0"/>
						<line number="121" hits="0"/>
						<line number="122" hits="0"/>
						<line number="123" hits="0"/>
						<line number="124" hits="0"/>
						<line number="125" hits="0"/>
						<line number="128" hits="0"/>
						<line number="129" hits="0"/>
						<line number="131" hits="0"/>
						<line number="132" hits="0"/>
						<line number="133" hits="0"/>
						<line number="134" hits="0"/>
						<line number="137" hits="0"/>
						<line number="138" hits="0"/>
						<line number="140" hits="0"/>
						<line number="141" hits="0"/>
						<line number="142" hits="0"/>
						<line number="145" hits="0"/>
						<line number="146" hits="0"/>
						<line number="148" hits="0"/>
						<line number="149" hits="0"/>
						<line number="150" hits="0"/>
						<line number="151" hits="0"/>
						<line number="152" hits="0"/>
						<line number="153" hits="0"/>
						<line number="154" hits="0"/>
						<line number="156" hits="0"/>
						<line number="159" hits="0"/>
						<line number="164" hits="0" branch="true" condition-coverage="0% (0/2)" missing-branches="165,170"/>
						<line number="165" hits="0"/>
						<line number="170" hits="0" branch="true" condition-coverage="0% (0/2)" missing-branches="171,173"/>
						<line number="171" hits="0"/>
						<line number="173" hits="0" branch="true" condition-coverage="0% (0/2)" missing-branches="exit,174"/>
						<line number="174" hits="0"/>
						<line number="177" hits="0"/>
						<line number="179" hits="0"/>
					</lines>
				</class>
				<class name="egg.py" filename="core/egg.py" complexity="0" line-rate="0" branch-rate="0">
					<methods/>
					<lines>
						<line number="61" hits="0"/>
						<line number="62" hits="0"/>
						<line number="63" hits="0"/>
						<line number="64" hits="0"/>
						<line number="65" hits="0"/>
						<line number="66" hits="0"/>
						<line number="68" hits="0"/>
						<line number="71" hits="0"/>
						<line number="74" hits="0"/>
						<line number="75" hits="0"/>
						<line number="77" hits="0"/>
						<line number="78" hits="0"/>
						<line number="79" hits="0"/>
						<line number="82" hits="0"/>
						<line number="83" hits="0"/>
						<line number="85" hits="0"/>
						<line number="86" hits="0"/>
						<line number="87" hits="0"/>
						<line number="88" hits="0"/>
						<line number="91" hits="0"/>
						<line number="100" hits="0"/>
						<line number="101" hits="0"/>
						<line number="102" hits="0"/>
						<line number="105" hits="0"/>
						<line number="130" hits="0"/>
						<line number="146" hits="0"/>
						<line number="147" hits="0"/>
						<line number="148" hits="0"/>
						<line number="149" hits="0"/>
						<line number="150" hits="0"/>
						<line number="151" hits="0"/>
						<line number="152" hits="0"/>
						<line number="154" hits="0"/>
						<line number="155" hits="0"/>
						<line number="158" hits="0"/>
						<line number="161" hits="0"/>
						<line number="164" hits="0"/>
						<line number="172" hits="0"/>
						<line number="174" hits="0"/>
						<line number="186" hits="0"/>
						<line number="188" hits="0" branch="true" condition-coverage="0% (0/2)" missing-branches="189,192"/>
						<line number="189" hits="0"/>
						<line number="192" hits="0"/>
						<line number="195" hits="0" branch="true" condition-coverage="0% (0/2)" missing-branches="196,206"/>
						<line number="196" hits="0" branch="true" condition-coverage="0% (0/2)" missing-branches="197,206"/>
						<line number="197" hits="0"/>
						<line number="198" hits="0" branch="true" condition-coverage="0% (0/2)" missing-branches="199,203"/>
						<line number="199" hits="0"/>
						<line number="200" hits="0"/>
						<line number="203" hits="0" branch="true" condition-coverage="0% (0/2)" missing-branches="196,204"/>
						<line number="204" hits="0"/>
						<line number="206" hits="0" branch="true" condition-coverage="0% (0/2)" missing-branches="207,217"/>
						<line number="207" hits="0" branch="true" condition-coverage="0% (0/2)" missing-branches="208,217"/>
						<line number="208" hits="0"/>
						<line number="209" hits="0" branch="true" condition-coverage="0% (0/2)" missing-branches="210,214"/>
						<line number="210" hits="0"/>
						<line number="211" hits="0"/>
						<line number="214" hits="0" branch="true" condition-coverage="0% (0/2)" missing-branches="207,215"/>
						<line number="215" hits="0"/>
						<line number="217" hits="0" branch="true" condition-coverage="0% (0/2)" missing-branches="218,238"/>
						<line number="218" hits="0" branch="true" condition-coverage="0% (0/2)" missing-branches="219,228"/>
						<line number="219" hits="0"/>
						<line number="220" hits="0" branch="true" condition-coverage="0% (0/2)" missing-branches="221,225"/>
						<line number="221" hits="0"/>
						<line number="222" hits="0"/>
						<line number="225" hits="0" branch="true" condition-coverage="0% (0/2)" missing-branches="218,226"/>
						<line number="226" hits="0"/>
						<line number="228" hits="0" branch="true" condition-coverage="0% (0/2)" missing-branches="229,238"/>
						<line number="229" hits="0"/>
						<line number="230" hits="0" branch="true" condition-coverage="0% (0/2)" missing-branches="231,235"/>
						<line number="231" hits="0"/>
						<line number="232" hits="0"/>
						<line number="235" hits="0" branch="true" condition-coverage="0% (0/2)" missing-branches="228,236"/>
						<line number="236" hits="0"/>
						<line number="238" hits="0"/>
						<line number="240" hits="0"/>
						<line number="252" hits="0"/>
						<line number="255" hits="0"/>
[...]
						<line number="198" hits="0"/>
						<line number="205" hits="0"/>
						<line number="206" hits="0"/>
						<line number="208" hits="0" branch="true" condition-coverage="0% (0/2)" missing-branches="210,233"/>
						<line number="210" hits="0"/>
						<line number="212" hits="0"/>
						<line number="216" hits="0"/>
						<line number="231" hits="0"/>
						<line number="233" hits="0"/>
						<line number="235" hits="0"/>
						<line number="248" hits="0"/>
						<line number="249" hits="0"/>
						<line number="251" hits="0" branch="true" condition-coverage="0% (0/2)" missing-branches="252,254"/>
						<line number="252" hits="0"/>
						<line number="254" hits="0"/>
						<line number="267" hits="0"/>
					</lines>
				</class>
			</classes>
		</package>
		<package name="strategies" line-rate="1" branch-rate="1" complexity="0">
			<classes>
				<class name="__init__.py" filename="strategies/__init__.py" complexity="0" line-rate="1" branch-rate="1">
					<methods/>
					<lines/>
				</class>
			</classes>
		</package>
		<package name="strategy_tuning" line-rate="0" branch-rate="0" complexity="0">
			<classes>
				<class name="__init__.py" filename="strategy_tuning/__init__.py" complexity="0" line-rate="0" branch-rate="1">
					<methods/>
					<lines>
						<line number="7" hits="0"/>
						<line number="12" hits="0"/>
						<line number="17" hits="0"/>
					</lines>
				</class>
				<class name="advisor.py" filename="strategy_tuning/advisor.py" complexity="0" line-rate="0" branch-rate="0">
					<methods/>
					<lines>
						<line number="7" hits="0"/>
						<line number="8" hits="0"/>
						<line number="9" hits="0"/>
						<line number="10" hits="0"/>
						<line number="11" hits="0"/>
						<line number="13" hits="0"/>
						<line number="15" hits="0"/>
						<line number="18" hits="0"/>
						<line number="20" hits="0"/>
						<line number="21" hits="0"/>
						<line number="22" hits="0"/>
						<line number="23" hits="0"/>
						<line number="26" hits="0"/>
						<line number="27" hits="0"/>
						<line number="29" hits="0"/>
						<line number="30" hits="0"/>
						<line number="31" hits="0"/>
						<line number="32" hits="0"/>
						<line number="33" hits="0"/>
						<line number="34" hits="0"/>
						<line number="35" hits="0"/>
						<line number="36" hits="0"/>
						<line number="38" hits="0"/>
						<line number="40" hits="0"/>
						<line number="52" hits="0"/>
						<line number="53" hits="0"/>
						<line number="55" hits="0"/>
						<line number="56" hits="0"/>
						<line number="57" hits="0"/>
						<line number="58" hits="0"/>
						<line number="60" hits="0"/>
						<line number="62" hits="0"/>
						<line number="72" hits="0"/>
						<line number="80" hits="0"/>
						<line number="94" hits="0"/>
						<line number="95" hits="0"/>
						<line number="96" hits="0"/>
						<line number="99" hits="0"/>
						<line number="100" hits="0"/>
						<line number="101" hits="0"/>
						<line number="102" hits="0"/>
						<line number="106" hits="0"/>
						<line number="108" hits="0"/>
						<line number="120" hits="0"/>
						<line number="121" hits="0"/>
						<line number="122" hits="0"/>
						<line number="124" hits="0" branch="true" condition-coverage="0% (0/2)" missing-branches="exit,125"/>
						<line number="125" hits="0"/>
						<line number="127" hits="0"/>
						<line number="140" hits="0"/>
						<line number="142" hits="0" branch="true" condition-coverage="0% (0/2)" missing-branches="143,145"/>
						<line number="143" hits="0"/>
						<line number="145" hits="0"/>
						<line number="146" hits="0"/>
						<line number="148" hits="0"/>
						<line number="149" hits="0"/>
						<line number="152" hits="0"/>
						<line number="153" hits="0"/>
						<line number="154" hits="0"/>
						<line number="157" hits="0" branch="true" condition-coverage="0% (0/2)" missing-branches="158,159"/>
						<line number="158" hits="0"/>
						<line number="159" hits="0" branch="true" condition-coverage="0% (0/2)" missing-branches="160,161"/>
						<line number="160" hits="0"/>
						<line number="161" hits="0" branch="true" condition-coverage="0% (0/2)" missing-branches="162,164"/>
						<line number="162" hits="0"/>
						<line number="164" hits="0"/>
						<line number="168" hits="0"/>
						<line number="170" hits="0"/>
						<line number="181" hits="0"/>
						<line number="189" hits="0"/>
						<line number="190" hits="0" branch="true" condition-coverage="0% (0/2)" missing-branches="191,195"/>
						<line number="191" hits="0"/>
						<line number="192" hits="0" branch="true" condition-coverage="0% (0/2)" missing-branches="190,193"/>
						<line number="193" hits="0"/>
						<line number="195" hits="0" branch="true" condition-coverage="0% (0/2)" missing-branches="197,208"/>
						<line number="197" hits="0"/>
						<line number="198" hits="0"/>
						<line number="200" hits="0"/>
						<line number="208" hits="0"/>
						<line number="215" hits="0"/>
						<line number="219" hits="0"/>
						<line number="224" hits="0"/>
						<line number="225" hits="0" branch="true" condition-coverage="0% (0/2)" missing-branches="227,232"/>
						<line number="227" hits="0"/>
						<line number="232" hits="0" branch="true" condition-coverage="0% (0/2)" missing-branches="234,237"/>
						<line number="234" hits="0"/>
						<line number="237" hits="0"/>
						<line number="238" hits="0"/>
						<line number="240" hits="0" branch="true" condition-coverage="0% (0/2)" missing-branches="241,247"/>
						<line number="241" hits="0" branch="true" condition-coverage="0% (0/2)" missing-branches="242,244"/>
						<line number="242" hits="0"/>
						<line number="244" hits="0"/>
						<line number="247" hits="0"/>
						<line number="248" hits="0"/>
						<line number="255" hits="0"/>
						<line number="262" hits="0"/>
						<line number="269" hits="0"/>
						<line number="270" hits="0"/>
						<line number="272" hits="0"/>
						<line number="273" hits="0" branch="true" condition-coverage="0% (0/2)" missing-branches="274,278"/>
						<line number="274" hits="0"/>
						<line number="275" hits="0" branch="true" condition-coverage="0% (0/2)" missing-branches="273,276"/>
						<line number="276" hits="0"/>
						<line number="278" hits="0"/>
					</lines>
				</class>
				<class name="optimizer.py" filename="strategy_tuning/optimizer.py" complexity="0" line-rate="0" branch-rate="0">
					<methods/>
					<lines>
						<line number="7" hits="0"/>
						<line number="8" hits="0"/>
						<line number="9" hits="0"/>
						<line number="10" hits="0"/>
						<line number="12" hits="0"/>
						<line number="13" hits="0"/>
						<line number="15" hits="0"/>
						<line number="18" hits="0"/>
						<line number="19" hits="0"/>
						<line number="21" hits="0"/>
						<line number="22" hits="0"/>
						<line number="23" hits="0"/>
						<line number="24" hits="0"/>
						<line number="26" hits="0"/>
						<line number="28" hits="0"/>
						<line number="29" hits="0"/>
						<line number="30" hits="0"/>
						<line number="33" hits="0"/>
						<line number="41" hits="0"/>
						<line number="53" hits="0"/>
						<line number="54" hits="0"/>
						<line number="55" hits="0"/>
						<line number="58" hits="0"/>
						<line number="59" hits="0"/>
						<line number="60" hits="0"/>
						<line number="64" hits="0"/>
						<line number="66" hits="0"/>
						<line number="74" hits="0" branch="true" condition-coverage="0% (0/2)" missing-branches="76,79"/>
						<line number="76" hits="0"/>
						<line number="79" hits="0"/>
						<line number="80" hits="0"/>
						<line number="81" hits="0"/>
						<line number="83" hits="0"/>
						<line number="89" hits="0"/>
						<line number="92" hits="0"/>
						<line number="95" hits="0" branch="true" condition-coverage="0% (0/2)" missing-branches="96,109"/>
						<line number="96" hits="0"/>
						<line number="97" hits="0"/>
						<line number="100" hits="0"/>
						<line number="103" hits="0"/>
						<line number="104" hits="0"/>
						<line number="106" hits="0"/>
						<line number="109" hits="0"/>
						<line number="110" hits="0" branch="true" condition-coverage="0% (0/2)" missing-branches="111,114"/>
						<line number="111" hits="0" branch="true" condition-coverage="0% (0/2)" missing-branches="112,114"/>
						<line number="112" hits="0"/>
						<line number="114" hits="0"/>
						<line number="116" hits="0"/>
						<line number="123" hits="0"/>
						<line number="125" hits="0"/>
						<line number="135" hits="0"/>
						<line number="140" hits="0"/>
						<line number="142" hits="0"/>
						<line number="149" hits="0"/>
						<line number="150" hits="0"/>
						<line number="152" hits="0"/>
					</lines>
				</class>
			</classes>
		</package>
		<package name="telemetry" line-rate="0" branch-rate="0" complexity="0">
			<classes>
				<class name="__init__.py" filename="telemetry/__init__.py" complexity="0" line-rate="0" branch-rate="1">
					<methods/>
					<lines>
						<line number="7" hits="0"/>
						<line number="13" hits="0"/>
						<line number="18" hits="0"/>
					</lines>
				</class>
				<class name="exporter.py" filename="telemetry/exporter.py" complexity="0" line-rate="0" branch-rate="0">
					<methods/>
					<lines>
						<line number="7" hits="0"/>
						<line number="8" hits="0"/>
						<line number="9" hits="0"/>
						<line number="10" hits="0"/>
						<line number="11" hits="0"/>
						<line number="12" hits="0"/>
						<line number="13" hits="0"/>
						<line number="14" hits="0"/>
						<line number="15" hits="0"/>
						<line number="17" hits="0"/>
						<line number="20" hits="0"/>
						<line number="22" hits="0"/>
						<line number="23" hits="0"/>
						<line number="24" hits="0"/>
						<line number="27" hits="0"/>
						<line number="28" hits="0"/>
						<line number="34" hits="0"/>
						<line number="35" hits="0"/>
						<line number="36" hits="0"/>
						<line number="37" hits="0"/>
						<line number="39" hits="0"/>
						<line number="41" hits="0"/>
						<line number="44" hits="0"/>
						<line number="54" hits="0"/>
						<line number="61" hits="0"/>
						<line number="62" hits="0"/>
						<line number="63" hits="0"/>
						<line number="65" hits="0"/>
						<line number="82" hits="0" branch="true" condition-coverage="0% (0/2)" missing-branches="83,86"/>
						<line number="83" hits="0"/>
						<line number="84" hits="0"/>
						<line number="86" hits="0"/>
						<line number="89" hits="0" branch="true" condition-coverage="0% (0/2)" missing-branches="90,93"/>
						<line number="90" hits="0"/>
						<line number="93" hits="0"/>
						<line number="94" hits="0" branch="true" condition-coverage="0% (0/2)" missing-branches="95,96"/>
						<line number="95" hits="0"/>
						<line number="96" hits="0"/>
						<line number="99" hits="0"/>
						<line number="100" hits="0"/>
						<line number="101" hits="0"/>
						<line number="102" hits="0"/>
						<line number="104" hits="0"/>
						<line number="105" hits="0"/>
						<line number="107" hits="0"/>
						<line number="124" hits="0"/>
						<line number="126" hits="0"/>
						<line number="127" hits="0" branch="true" condition-coverage="0% (0/2)" missing-branches="128,130"/>
						<line number="128" hits="0"/>
						<line number="130" hits="0"/>
						<line number="132" hits="0"/>
						<line number="133" hits="0"/>
						<line number="135" hits="0"/>
						<line number="150" hits="0"/>
						<line number="152" hits="0"/>
						<line number="153" hits="0" branch="true" condition-coverage="0% (0/2)" missing-branches="154,156"/>
						<line number="154" hits="0"/>
						<line number="156" hits="0"/>
						<line number="157" hits="0"/>
						<line number="159" hits="0"/>
						<line number="179" hits="0" branch="true" condition-coverage="0% (0/2)" missing-branches="180,184"/>
						<line number="180" hits="0"/>
						<line number="181" hits="0"/>
						<line number="184" hits="0" branch="true" condition-coverage="0% (0/2)" missing-branches="185,188"/>
						<line number="185" hits="0"/>
						<line number="188" hits="0" branch="true" condition-coverage="0% (0/2)" missing-branches="189,192"/>
						<line number="189" hits="0" branch="true" condition-coverage="0% (0/2)" missing-branches="190,191"/>
						<line number="190" hits="0"/>
						<line number="191" hits="0"/>
						<line number="192" hits="0" branch="true" condition-coverage="0% (0/2)" missing-branches="193,194"/>
						<line number="193" hits="0"/>
						<line number="194" hits="0" branch="true" condition-coverage="0% (0/2)" missing-branches="195,199"/>
						<line number="195" hits="0" branch="true" condition-coverage="0% (0/2)" missing-branches="196,197"/>
						<line number="196" hits="0"/>
						<line number="197" hits="0"/>
						<line number="199" hits="0"/>
						<line number="201" hits="0"/>
						<line number="218" hits="0" branch="true" condition-coverage="0% (0/2)" missing-branches="219,239"/>
						<line number="219" hits="0" branch="true" condition-coverage="0% (0/2)" missing-branches="220,223"/>
						<line number="220" hits="0"/>
						<line number="223" hits="0" branch="true" condition-coverage="0% (0/2)" missing-branches="224,227"/>
						<line number="224" hits="0"/>
						<line number="227" hits="0"/>
						<line number="228" hits="0" branch="true" condition-coverage="0% (0/2)" missing-branches="229,230"/>
						<line number="229" hits="0"/>
						<line number="230" hits="0"/>
						<line number="233" hits="0"/>
						<line number="234" hits="0"/>
						<line number="235" hits="0"/>
						<line number="236" hits="0"/>
						<line number="237" hits="0"/>
						<line number="239" hits="0" branch="true" condition-coverage="0% (0/2)" missing-branches="240,246"/>
						<line number="240" hits="0"/>
						<line number="241" hits="0" branch="true" condition-coverage="0% (0/2)" missing-branches="242,244"/>
						<line number="242" hits="0"/>
						<line number="244" hits="0"/>
						<line number="246" hits="0" branch="true" condition-coverage="0% (0/2)" missing-branches="247,252"/>
						<line number="247" hits="0" branch="true" condition-coverage="0% (0/2)" missing-branches="248,249"/>
						<line number="248" hits="0"/>
						<line number="249" hits="0"/>
						<line number="252" hits="0"/>
						<line number="254" hits="0"/>
						<line number="271" hits="0"/>
						<line number="272" hits="0" branch="true" condition-coverage="0% (0/2)" missing-branches="273,281"/>
						<line number="273" hits="0"/>
						<line number="274" hits="0" branch="true" condition-coverage="0% (0/2)" missing-branches="275,276"/>
						<line number="275" hits="0"/>
						<line number="276" hits="0" branch="true" condition-coverage="0% (0/2)" missing-branches="278,280"/>
						<line number="278" hits="0"/>
						<line number="280" hits="0"/>
						<line number="281" hits="0"/>
						<line number="284" hits="0"/>
						<line number="300" hits="0"/>
					</lines>
				</class>
				<class name="extractors.py" filename="telemetry/extractors.py" complexity="0" line-rate="0" branch-rate="0">
					<methods/>
					<lines>
						<line number="7" hits="0"/>
						<line number="8" hits="0"/>
						<line number="9" hits="0"/>
						<line number="11" hits="0"/>
						<line number="14" hits="0"/>
						<line number="22" hits="0"/>
						<line number="29" hits="0"/>
						<line number="31" hits="0"/>
						<line number="41" hits="0"/>
						<line number="42" hits="0"/>
						<line number="43" hits="0"/>
						<line number="46" hits="0"/>
						<line number="52" hits="0"/>
						<line number="53" hits="0" branch="true" condition-coverage="0% (0/2)" missing-branches="54,57"/>
						<line number="54" hits="0"/>
						<line number="55" hits="0"/>
						<line number="57" hits="0"/>
						<line number="66" hits="0"/>
						<line number="81" hits="0"/>
						<line number="82" hits="0" branch="true" condition-coverage="0% (0/2)" missing-branches="83,95"/>
						<line number="83" hits="0"/>
						<line number="95" hits="0"/>
						<line number="97" hits="0"/>
						<line number="99" hits="0"/>
						<line number="104" hits="0"/>
						<line number="105" hits="0"/>
						<line number="106" hits="0"/>
						<line number="108" hits="0"/>
						<line number="123" hits="0"/>
						<line number="124" hits="0"/>
						<line number="125" hits="0"/>
						<line number="127" hits="0"/>
						<line number="138" hits="0"/>
						<line number="139" hits="0" branch="true" condition-coverage="0% (0/2)" missing-branches="140,143"/>
						<line number="140" hits="0"/>
						<line number="141" hits="0"/>
						<line number="143" hits="0"/>
						<line number="148" hits="0"/>
						<line number="150" hits="0"/>
						<line number="152" hits="0"/>
						<line number="153" hits="0" branch="true" condition-coverage="0% (0/2)" missing-branches="154,162"/>
						<line number="154" hits="0"/>
						<line number="162" hits="0"/>
						<line number="163" hits="0"/>
						<line number="165" hits="0"/>
						<line number="166" hits="0"/>
						<line number="167" hits="0"/>
						<line number="170" hits="0"/>
						<line number="178" hits="0"/>
						<line number="185" hits="0"/>
						<line number="187" hits="0"/>
						<line number="202" hits="0"/>
						<line number="203" hits="0"/>
						<line number="204" hits="0"/>
						<line number="206" hits="0"/>
						<line number="217" hits="0"/>
						<line number="218" hits="0" branch="true" condition-coverage="0% (0/2)" missing-branches="219,222"/>
						<line number="219" hits="0"/>
						<line number="220" hits="0"/>
						<line number="222" hits="0"/>
						<line number="224" hits="0"/>
						<line number="226" hits="0"/>
						<line number="227" hits="0" branch="true" condition-coverage="0% (0/2)" missing-branches="228,236"/>
						<line number="228" hits="0"/>
						<line number="236" hits="0"/>
						<line number="237" hits="0"/>
						<line number="239" hits="0"/>
						<line number="240" hits="0"/>
						<line number="241" hits="0"/>
						<line number="243" hits="0"/>
						<line number="256" hits="0"/>
						<line number="258" hits="0" branch="true" condition-coverage="0% (0/2)" missing-branches="259,266"/>
						<line number="259" hits="0"/>
						<line number="266" hits="0"/>
						<line number="274" hits="0"/>
						<line number="282" hits="0"/>
						<line number="289" hits="0"/>
						<line number="291" hits="0"/>
						<line number="301" hits="0"/>
						<line number="302" hits="0"/>
						<line number="303" hits="0"/>
						<line number="306" hits="0"/>
						<line number="321" hits="0"/>
						<line number="322" hits="0" branch="true" condition-coverage="0% (0/2)" missing-branches="323,333"/>
						<line number="323" hits="0"/>
						<line number="333" hits="0"/>
						<line number="334" hits="0"/>
						<line number="336" hits="0"/>
						<line number="337" hits="0"/>
						<line number="338" hits="0"/>
						<line number="340" hits="0"/>
						<line number="355" hits="0"/>
						<line number="356" hits="0"/>
						<line number="357" hits="0"/>
						<line number="359" hits="0"/>
						<line number="375" hits="0"/>
						<line number="376" hits="0" branch="true" condition-coverage="0% (0/2)" missing-branches="377,387"/>
						<line number="377" hits="0"/>
						<line number="387" hits="0"/>
						<line number="388" hits="0"/>
						<line number="390" hits="0"/>
						<line number="391" hits="0"/>
						<line number="392" hits="0"/>
						<line number="394" hits="0"/>
						<line number="404" hits="0"/>
						<line number="405" hits="0"/>
						<line number="406" hits="0"/>
						<line number="408" hits="0"/>
						<line number="424" hits="0"/>
						<line number="425" hits="0" branch="true" condition-coverage="0% (0/2)" missing-branches="426,439"/>
						<line number="426" hits="0"/>
						<line number="439" hits="0"/>
						<line number="440" hits="0"/>
						<line number="442" hits="0"/>
						<line number="443" hits="0"/>
						<line number="444" hits="0"/>
					</lines>
				</class>
			</classes>
		</package>
	</packages>
</coverage>
